This is pdfTeX, Version 3.1415926-2.5-1.40.14 (TeX Live 2013) (format=pdflatex 2013.5.30)  16 MAR 2014 02:34
entering extended mode
 restricted \write18 enabled.
 file:line:error style messages enabled.
 %&-line parsing enabled.
**thesis.tex
(./thesis.tex
LaTeX2e <2011/06/27>
Babel <3.9f> and hyphenation patterns for 78 languages loaded.
(/usr/local/texlive/2013/texmf-dist/tex/latex/base/report.cls
Document Class: report 2007/10/19 v1.4h Standard LaTeX document class
(/usr/local/texlive/2013/texmf-dist/tex/latex/base/size12.clo
File: size12.clo 2007/10/19 v1.4h Standard LaTeX file (size option)
)
\c@part=\count79
\c@chapter=\count80
\c@section=\count81
\c@subsection=\count82
\c@subsubsection=\count83
\c@paragraph=\count84
\c@subparagraph=\count85
\c@figure=\count86
\c@table=\count87
\abovecaptionskip=\skip41
\belowcaptionskip=\skip42
\bibindent=\dimen102
)
(/usr/local/texlive/2013/texmf-dist/tex/latex/nomencl/nomencl.sty
Package: nomencl 2005/09/22 v4.2 Nomenclature package (LN)
\nomlabelwidth=\dimen103
\nom@tempdim=\dimen104
\nomitemsep=\skip43
)
(/usr/local/texlive/2013/texmf-dist/tex/latex/base/fontenc.sty
Package: fontenc 2005/09/27 v1.99g Standard LaTeX package

(/usr/local/texlive/2013/texmf-dist/tex/latex/base/t1enc.def
File: t1enc.def 2005/09/27 v1.99g Standard LaTeX file
LaTeX Font Info:    Redeclaring font encoding T1 on input line 43.
))
(/usr/local/texlive/2013/texmf-dist/tex/latex/base/textcomp.sty
Package: textcomp 2005/09/27 v1.99g Standard LaTeX package
Package textcomp Info: Sub-encoding information:
(textcomp)               5 = only ISO-Adobe without \textcurrency
(textcomp)               4 = 5 + \texteuro
(textcomp)               3 = 4 + \textohm
(textcomp)               2 = 3 + \textestimated + \textcurrency
(textcomp)               1 = TS1 - \textcircled - \t
(textcomp)               0 = TS1 (full)
(textcomp)             Font families with sub-encoding setting implement
(textcomp)             only a restricted character set as indicated.
(textcomp)             Family '?' is the default used for unknown fonts.
(textcomp)             See the documentation for details.
Package textcomp Info: Setting ? sub-encoding to TS1/1 on input line 71.

(/usr/local/texlive/2013/texmf-dist/tex/latex/base/ts1enc.def
File: ts1enc.def 2001/06/05 v3.0e (jk/car/fm) Standard LaTeX file
)
LaTeX Info: Redefining \oldstylenums on input line 266.
Package textcomp Info: Setting cmr sub-encoding to TS1/0 on input line 281.
Package textcomp Info: Setting cmss sub-encoding to TS1/0 on input line 282.
Package textcomp Info: Setting cmtt sub-encoding to TS1/0 on input line 283.
Package textcomp Info: Setting cmvtt sub-encoding to TS1/0 on input line 284.
Package textcomp Info: Setting cmbr sub-encoding to TS1/0 on input line 285.
Package textcomp Info: Setting cmtl sub-encoding to TS1/0 on input line 286.
Package textcomp Info: Setting ccr sub-encoding to TS1/0 on input line 287.
Package textcomp Info: Setting ptm sub-encoding to TS1/4 on input line 288.
Package textcomp Info: Setting pcr sub-encoding to TS1/4 on input line 289.
Package textcomp Info: Setting phv sub-encoding to TS1/4 on input line 290.
Package textcomp Info: Setting ppl sub-encoding to TS1/3 on input line 291.
Package textcomp Info: Setting pag sub-encoding to TS1/4 on input line 292.
Package textcomp Info: Setting pbk sub-encoding to TS1/4 on input line 293.
Package textcomp Info: Setting pnc sub-encoding to TS1/4 on input line 294.
Package textcomp Info: Setting pzc sub-encoding to TS1/4 on input line 295.
Package textcomp Info: Setting bch sub-encoding to TS1/4 on input line 296.
Package textcomp Info: Setting put sub-encoding to TS1/5 on input line 297.
Package textcomp Info: Setting uag sub-encoding to TS1/5 on input line 298.
Package textcomp Info: Setting ugq sub-encoding to TS1/5 on input line 299.
Package textcomp Info: Setting ul8 sub-encoding to TS1/4 on input line 300.
Package textcomp Info: Setting ul9 sub-encoding to TS1/4 on input line 301.
Package textcomp Info: Setting augie sub-encoding to TS1/5 on input line 302.
Package textcomp Info: Setting dayrom sub-encoding to TS1/3 on input line 303.
Package textcomp Info: Setting dayroms sub-encoding to TS1/3 on input line 304.

Package textcomp Info: Setting pxr sub-encoding to TS1/0 on input line 305.
Package textcomp Info: Setting pxss sub-encoding to TS1/0 on input line 306.
Package textcomp Info: Setting pxtt sub-encoding to TS1/0 on input line 307.
Package textcomp Info: Setting txr sub-encoding to TS1/0 on input line 308.
Package textcomp Info: Setting txss sub-encoding to TS1/0 on input line 309.
Package textcomp Info: Setting txtt sub-encoding to TS1/0 on input line 310.
Package textcomp Info: Setting lmr sub-encoding to TS1/0 on input line 311.
Package textcomp Info: Setting lmdh sub-encoding to TS1/0 on input line 312.
Package textcomp Info: Setting lmss sub-encoding to TS1/0 on input line 313.
Package textcomp Info: Setting lmssq sub-encoding to TS1/0 on input line 314.
Package textcomp Info: Setting lmvtt sub-encoding to TS1/0 on input line 315.
Package textcomp Info: Setting qhv sub-encoding to TS1/0 on input line 316.
Package textcomp Info: Setting qag sub-encoding to TS1/0 on input line 317.
Package textcomp Info: Setting qbk sub-encoding to TS1/0 on input line 318.
Package textcomp Info: Setting qcr sub-encoding to TS1/0 on input line 319.
Package textcomp Info: Setting qcs sub-encoding to TS1/0 on input line 320.
Package textcomp Info: Setting qpl sub-encoding to TS1/0 on input line 321.
Package textcomp Info: Setting qtm sub-encoding to TS1/0 on input line 322.
Package textcomp Info: Setting qzc sub-encoding to TS1/0 on input line 323.
Package textcomp Info: Setting qhvc sub-encoding to TS1/0 on input line 324.
Package textcomp Info: Setting futs sub-encoding to TS1/4 on input line 325.
Package textcomp Info: Setting futx sub-encoding to TS1/4 on input line 326.
Package textcomp Info: Setting futj sub-encoding to TS1/4 on input line 327.
Package textcomp Info: Setting hlh sub-encoding to TS1/3 on input line 328.
Package textcomp Info: Setting hls sub-encoding to TS1/3 on input line 329.
Package textcomp Info: Setting hlst sub-encoding to TS1/3 on input line 330.
Package textcomp Info: Setting hlct sub-encoding to TS1/5 on input line 331.
Package textcomp Info: Setting hlx sub-encoding to TS1/5 on input line 332.
Package textcomp Info: Setting hlce sub-encoding to TS1/5 on input line 333.
Package textcomp Info: Setting hlcn sub-encoding to TS1/5 on input line 334.
Package textcomp Info: Setting hlcw sub-encoding to TS1/5 on input line 335.
Package textcomp Info: Setting hlcf sub-encoding to TS1/5 on input line 336.
Package textcomp Info: Setting pplx sub-encoding to TS1/3 on input line 337.
Package textcomp Info: Setting pplj sub-encoding to TS1/3 on input line 338.
Package textcomp Info: Setting ptmx sub-encoding to TS1/4 on input line 339.
Package textcomp Info: Setting ptmj sub-encoding to TS1/4 on input line 340.
)
(/usr/local/texlive/2013/texmf-dist/tex/latex/tools/array.sty
Package: array 2008/09/09 v2.4c Tabular extension package (FMi)
\col@sep=\dimen105
\extrarowheight=\dimen106
\NC@list=\toks14
\extratabsurround=\skip44
\backup@length=\skip45
)
(/usr/local/texlive/2013/texmf-dist/tex/latex/listings/listings.sty
(/usr/local/texlive/2013/texmf-dist/tex/latex/graphics/keyval.sty
Package: keyval 1999/03/16 v1.13 key=value parser (DPC)
\KV@toks@=\toks15
)
\lst@mode=\count88
\lst@gtempboxa=\box26
\lst@token=\toks16
\lst@length=\count89
\lst@currlwidth=\dimen107
\lst@column=\count90
\lst@pos=\count91
\lst@lostspace=\dimen108
\lst@width=\dimen109
\lst@newlines=\count92
\lst@lineno=\count93
\lst@maxwidth=\dimen110

(/usr/local/texlive/2013/texmf-dist/tex/latex/listings/lstmisc.sty
File: lstmisc.sty 2007/02/22 1.4 (Carsten Heinz)
\c@lstnumber=\count94
\lst@skipnumbers=\count95
\lst@framebox=\box27
)
(/usr/local/texlive/2013/texmf-dist/tex/latex/listings/listings.cfg
File: listings.cfg 2007/02/22 1.4 listings configuration
))
Package: listings 2007/02/22 1.4 (Carsten Heinz)

(/usr/local/texlive/2013/texmf-dist/tex/latex/tools/tabularx.sty
Package: tabularx 1999/01/07 v2.07 `tabularx' package (DPC)
\TX@col@width=\dimen111
\TX@old@table=\dimen112
\TX@old@col=\dimen113
\TX@target=\dimen114
\TX@delta=\dimen115
\TX@cols=\count96
\TX@ftn=\toks17
)
(/usr/local/texlive/2013/texmf-dist/tex/latex/setspace/setspace.sty
Package: setspace 2011/12/19 v6.7a set line spacing
)
(/usr/local/texlive/2013/texmf-dist/tex/latex/psnfss/mathptmx.sty
Package: mathptmx 2005/04/12 PSNFSS-v9.2a Times w/ Math, improved (SPQR, WaS) 
LaTeX Font Info:    Redeclaring symbol font `operators' on input line 28.
LaTeX Font Info:    Overwriting symbol font `operators' in version `normal'
(Font)                  OT1/cmr/m/n --> OT1/ztmcm/m/n on input line 28.
LaTeX Font Info:    Overwriting symbol font `operators' in version `bold'
(Font)                  OT1/cmr/bx/n --> OT1/ztmcm/m/n on input line 28.
LaTeX Font Info:    Redeclaring symbol font `letters' on input line 29.
LaTeX Font Info:    Overwriting symbol font `letters' in version `normal'
(Font)                  OML/cmm/m/it --> OML/ztmcm/m/it on input line 29.
LaTeX Font Info:    Overwriting symbol font `letters' in version `bold'
(Font)                  OML/cmm/b/it --> OML/ztmcm/m/it on input line 29.
LaTeX Font Info:    Redeclaring symbol font `symbols' on input line 30.
LaTeX Font Info:    Overwriting symbol font `symbols' in version `normal'
(Font)                  OMS/cmsy/m/n --> OMS/ztmcm/m/n on input line 30.
LaTeX Font Info:    Overwriting symbol font `symbols' in version `bold'
(Font)                  OMS/cmsy/b/n --> OMS/ztmcm/m/n on input line 30.
LaTeX Font Info:    Redeclaring symbol font `largesymbols' on input line 31.
LaTeX Font Info:    Overwriting symbol font `largesymbols' in version `normal'
(Font)                  OMX/cmex/m/n --> OMX/ztmcm/m/n on input line 31.
LaTeX Font Info:    Overwriting symbol font `largesymbols' in version `bold'
(Font)                  OMX/cmex/m/n --> OMX/ztmcm/m/n on input line 31.
\symbold=\mathgroup4
\symitalic=\mathgroup5
LaTeX Font Info:    Redeclaring math alphabet \mathbf on input line 34.
LaTeX Font Info:    Overwriting math alphabet `\mathbf' in version `normal'
(Font)                  OT1/cmr/bx/n --> OT1/ptm/bx/n on input line 34.
LaTeX Font Info:    Overwriting math alphabet `\mathbf' in version `bold'
(Font)                  OT1/cmr/bx/n --> OT1/ptm/bx/n on input line 34.
LaTeX Font Info:    Redeclaring math alphabet \mathit on input line 35.
LaTeX Font Info:    Overwriting math alphabet `\mathit' in version `normal'
(Font)                  OT1/cmr/m/it --> OT1/ptm/m/it on input line 35.
LaTeX Font Info:    Overwriting math alphabet `\mathit' in version `bold'
(Font)                  OT1/cmr/bx/it --> OT1/ptm/m/it on input line 35.
LaTeX Info: Redefining \hbar on input line 50.
)
(/usr/local/texlive/2013/texmf-dist/tex/latex/xcolor/xcolor.sty
Package: xcolor 2007/01/21 v2.11 LaTeX color extensions (UK)

(/usr/local/texlive/2013/texmf-dist/tex/latex/latexconfig/color.cfg
File: color.cfg 2007/01/18 v1.5 color configuration of teTeX/TeXLive
)
Package xcolor Info: Driver file: pdftex.def on input line 225.

(/usr/local/texlive/2013/texmf-dist/tex/latex/pdftex-def/pdftex.def
File: pdftex.def 2011/05/27 v0.06d Graphics/color for pdfTeX

(/usr/local/texlive/2013/texmf-dist/tex/generic/oberdiek/infwarerr.sty
Package: infwarerr 2010/04/08 v1.3 Providing info/warning/error messages (HO)
)
(/usr/local/texlive/2013/texmf-dist/tex/generic/oberdiek/ltxcmds.sty
Package: ltxcmds 2011/11/09 v1.22 LaTeX kernel commands for general use (HO)
)
\Gread@gobject=\count97
)
(/usr/local/texlive/2013/texmf-dist/tex/latex/colortbl/colortbl.sty
Package: colortbl 2012/02/13 v1.0a Color table columns (DPC)
\everycr=\toks18
\minrowclearance=\skip46
)
\rownum=\count98
Package xcolor Info: Model `cmy' substituted by `cmy0' on input line 1337.
Package xcolor Info: Model `hsb' substituted by `rgb' on input line 1341.
Package xcolor Info: Model `RGB' extended on input line 1353.
Package xcolor Info: Model `HTML' substituted by `rgb' on input line 1355.
Package xcolor Info: Model `Hsb' substituted by `hsb' on input line 1356.
Package xcolor Info: Model `tHsb' substituted by `hsb' on input line 1357.
Package xcolor Info: Model `HSB' substituted by `hsb' on input line 1358.
Package xcolor Info: Model `Gray' substituted by `gray' on input line 1359.
Package xcolor Info: Model `wave' substituted by `hsb' on input line 1360.

(/usr/local/texlive/2013/texmf-dist/tex/latex/xcolor/svgnam.def
File: svgnam.def 2007/01/21 v2.11 Predefined colors according to SVG 1.1 (UK)
))
(/usr/local/texlive/2013/texmf-dist/tex/latex/graphics/graphicx.sty
Package: graphicx 1999/02/16 v1.0f Enhanced LaTeX Graphics (DPC,SPQR)

(/usr/local/texlive/2013/texmf-dist/tex/latex/graphics/graphics.sty
Package: graphics 2009/02/05 v1.0o Standard LaTeX Graphics (DPC,SPQR)

(/usr/local/texlive/2013/texmf-dist/tex/latex/graphics/trig.sty
Package: trig 1999/03/16 v1.09 sin cos tan (DPC)
)
(/usr/local/texlive/2013/texmf-dist/tex/latex/latexconfig/graphics.cfg
File: graphics.cfg 2010/04/23 v1.9 graphics configuration of TeX Live
)
Package graphics Info: Driver file: pdftex.def on input line 91.
)
\Gin@req@height=\dimen116
\Gin@req@width=\dimen117
)
(/usr/local/texlive/2013/texmf-dist/tex/latex/amsfonts/amssymb.sty
Package: amssymb 2013/01/14 v3.01 AMS font symbols

(/usr/local/texlive/2013/texmf-dist/tex/latex/amsfonts/amsfonts.sty
Package: amsfonts 2013/01/14 v3.01 Basic AMSFonts support
\@emptytoks=\toks19
\symAMSa=\mathgroup6
\symAMSb=\mathgroup7
LaTeX Font Info:    Overwriting math alphabet `\mathfrak' in version `bold'
(Font)                  U/euf/m/n --> U/euf/b/n on input line 106.
))
(/usr/local/texlive/2013/texmf-dist/tex/latex/amsmath/amsmath.sty
Package: amsmath 2013/01/14 v2.14 AMS math features
\@mathmargin=\skip47

For additional information on amsmath, use the `?' option.
(/usr/local/texlive/2013/texmf-dist/tex/latex/amsmath/amstext.sty
Package: amstext 2000/06/29 v2.01

(/usr/local/texlive/2013/texmf-dist/tex/latex/amsmath/amsgen.sty
File: amsgen.sty 1999/11/30 v2.0
\@emptytoks=\toks20
\ex@=\dimen118
))
(/usr/local/texlive/2013/texmf-dist/tex/latex/amsmath/amsbsy.sty
Package: amsbsy 1999/11/29 v1.2d
\pmbraise@=\dimen119
)
(/usr/local/texlive/2013/texmf-dist/tex/latex/amsmath/amsopn.sty
Package: amsopn 1999/12/14 v2.01 operator names
)
\inf@bad=\count99
LaTeX Info: Redefining \frac on input line 210.
\uproot@=\count100
\leftroot@=\count101
LaTeX Info: Redefining \overline on input line 306.
\classnum@=\count102
\DOTSCASE@=\count103
LaTeX Info: Redefining \ldots on input line 378.
LaTeX Info: Redefining \dots on input line 381.
LaTeX Info: Redefining \cdots on input line 466.
\Mathstrutbox@=\box28
\strutbox@=\box29
\big@size=\dimen120
LaTeX Font Info:    Redeclaring font encoding OML on input line 566.
LaTeX Font Info:    Redeclaring font encoding OMS on input line 567.
\macc@depth=\count104
\c@MaxMatrixCols=\count105
\dotsspace@=\muskip10
\c@parentequation=\count106
\dspbrk@lvl=\count107
\tag@help=\toks21
\row@=\count108
\column@=\count109
\maxfields@=\count110
\andhelp@=\toks22
\eqnshift@=\dimen121
\alignsep@=\dimen122
\tagshift@=\dimen123
\tagwidth@=\dimen124
\totwidth@=\dimen125
\lineht@=\dimen126
\@envbody=\toks23
\multlinegap=\skip48
\multlinetaggap=\skip49
\mathdisplay@stack=\toks24
LaTeX Info: Redefining \[ on input line 2665.
LaTeX Info: Redefining \] on input line 2666.
)
(/usr/local/texlive/2013/texmf-dist/tex/latex/subfig/subfig.sty
Package: subfig 2005/06/28 ver: 1.3 subfig package

(/usr/local/texlive/2013/texmf-dist/tex/latex/caption/caption.sty
Package: caption 2013/05/02 v3.3-89 Customizing captions (AR)

(/usr/local/texlive/2013/texmf-dist/tex/latex/caption/caption3.sty
Package: caption3 2013/05/02 v1.6-88 caption3 kernel (AR)
Package caption3 Info: TeX engine: e-TeX on input line 57.
\captionmargin=\dimen127
\captionmargin@=\dimen128
\captionwidth=\dimen129
\caption@tempdima=\dimen130
\caption@indent=\dimen131
\caption@parindent=\dimen132
\caption@hangindent=\dimen133
)
\c@ContinuedFloat=\count111
Package caption Info: listings package is loaded.
)
\c@KVtest=\count112
\sf@farskip=\skip50
\sf@captopadj=\dimen134
\sf@capskip=\skip51
\sf@nearskip=\skip52
\c@subfigure=\count113
\c@subfigure@save=\count114
\c@lofdepth=\count115
\c@subtable=\count116
\c@subtable@save=\count117
\c@lotdepth=\count118
\sf@top=\skip53
\sf@bottom=\skip54
)
(/usr/local/texlive/2013/texmf-dist/tex/latex/graphics/epsfig.sty
Package: epsfig 1999/02/16 v1.7a (e)psfig emulation (SPQR)
\epsfxsize=\dimen135
\epsfysize=\dimen136
)
(/usr/local/texlive/2013/texmf-dist/tex/latex/psnfss/times.sty
Package: times 2005/04/12 PSNFSS-v9.2a (SPQR) 
)
(/usr/local/texlive/2013/texmf-dist/tex/latex/float/float.sty
Package: float 2001/11/08 v1.3d Float enhancements (AL)
\c@float@type=\count119
\float@exts=\toks25
\float@box=\box30
\@float@everytoks=\toks26
\@floatcapt=\box31
)
(/usr/local/texlive/2013/texmf-dist/tex/latex/pbox/pbox.sty
Package: pbox 2011/12/07 v1.2 Dynamic parboxes

(/usr/local/texlive/2013/texmf-dist/tex/latex/tools/calc.sty
Package: calc 2007/08/22 v4.3 Infix arithmetic (KKT,FJ)
\calc@Acount=\count120
\calc@Bcount=\count121
\calc@Adimen=\dimen137
\calc@Bdimen=\dimen138
\calc@Askip=\skip55
\calc@Bskip=\skip56
LaTeX Info: Redefining \setlength on input line 76.
LaTeX Info: Redefining \addtolength on input line 77.
\calc@Ccount=\count122
\calc@Cskip=\skip57
)
(/usr/local/texlive/2013/texmf-dist/tex/latex/base/ifthen.sty
Package: ifthen 2001/05/26 v1.1c Standard LaTeX ifthen package (DPC)
)
\pb@xlen=\skip58
)
(/usr/local/texlive/2013/texmf-dist/tex/latex/rotating/rotating.sty
Package: rotating 2009/03/28 v2.16a rotated objects in LaTeX
\c@r@tfl@t=\count123
\rotFPtop=\skip59
\rotFPbot=\skip60
\rot@float@box=\box32
\rot@mess@toks=\toks27
)
(/usr/local/texlive/2013/texmf-dist/tex/latex/base/makeidx.sty
Package: makeidx 2000/03/29 v1.0m Standard LaTeX package
)
(/usr/local/texlive/2013/texmf-dist/tex/latex/url/url.sty
\Urlmuskip=\muskip11
Package: url 2006/04/12  ver 3.3  Verb mode for urls, etc.
)
(/usr/local/texlive/2013/texmf-dist/tex/latex/multirow/multirow.sty
\bigstrutjot=\dimen139
)
(/usr/local/texlive/2013/texmf-dist/tex/latex/booktabs/booktabs.sty
Package: booktabs 2005/04/14 v1.61803 publication quality tables
\heavyrulewidth=\dimen140
\lightrulewidth=\dimen141
\cmidrulewidth=\dimen142
\belowrulesep=\dimen143
\belowbottomsep=\dimen144
\aboverulesep=\dimen145
\abovetopsep=\dimen146
\cmidrulesep=\dimen147
\cmidrulekern=\dimen148
\defaultaddspace=\dimen149
\@cmidla=\count124
\@cmidlb=\count125
\@aboverulesep=\dimen150
\@belowrulesep=\dimen151
\@thisruleclass=\count126
\@lastruleclass=\count127
\@thisrulewidth=\dimen152
)
(/usr/local/texlive/2013/texmf-dist/tex/latex/tocloft/tocloft.sty
Package: tocloft 2013/05/02 v2.3f parameterised ToC, etc., typesetting
Package tocloft Info: The document has chapter divisions on input line 44.
\cftparskip=\skip61
\cftbeforetoctitleskip=\skip62
\cftaftertoctitleskip=\skip63
\cftbeforepartskip=\skip64
\cftpartnumwidth=\skip65
\cftpartindent=\skip66
\cftbeforechapskip=\skip67
\cftchapindent=\skip68
\cftchapnumwidth=\skip69
\cftbeforesecskip=\skip70
\cftsecindent=\skip71
\cftsecnumwidth=\skip72
\cftbeforesubsecskip=\skip73
\cftsubsecindent=\skip74
\cftsubsecnumwidth=\skip75
\cftbeforesubsubsecskip=\skip76
\cftsubsubsecindent=\skip77
\cftsubsubsecnumwidth=\skip78
\cftbeforeparaskip=\skip79
\cftparaindent=\skip80
\cftparanumwidth=\skip81
\cftbeforesubparaskip=\skip82
\cftsubparaindent=\skip83
\cftsubparanumwidth=\skip84
\cftbeforeloftitleskip=\skip85
\cftafterloftitleskip=\skip86
\cftbeforefigskip=\skip87
\cftfigindent=\skip88
\cftfignumwidth=\skip89
\cftbeforelottitleskip=\skip90
\cftafterlottitleskip=\skip91
\cftbeforetabskip=\skip92
\cfttabindent=\skip93
\cfttabnumwidth=\skip94
\cftbeforesubfigskip=\skip95
\cftsubfigindent=\skip96
\cftsubfignumwidth=\skip97
\cftbeforesubtabskip=\skip98
\cftsubtabindent=\skip99
\cftsubtabnumwidth=\skip100
)
(/usr/local/texlive/2013/texmf-dist/tex/latex/acronym/acronym.sty
Package: acronym 2012/10/29 v1.38 Support for acronyms (Tobias Oetiker)

(/usr/local/texlive/2013/texmf-dist/tex/latex/bigfoot/suffix.sty
Package: suffix 2006/07/15 1.5 Variant command support
)
(/usr/local/texlive/2013/texmf-dist/tex/generic/xstring/xstring.sty
(/usr/local/texlive/2013/texmf-dist/tex/generic/xstring/xstring.tex
\@xs@message=\write3
\integerpart=\count128
\decimalpart=\count129
)
Package: xstring 2013/2/28  v1.7a  String manipulations (C Tellechea)
)
\AC@clearlist=\toks28
)
(/usr/local/texlive/2013/texmf-dist/tex/latex/datetime/datetime.sty
Package: datetime 2010/09/21 v2.58 Date Time Package

(/usr/local/texlive/2013/texmf-dist/tex/latex/fmtcount/fmtcount.sty
Package: fmtcount 2012/10/24 v2.02

(/usr/local/texlive/2013/texmf-dist/tex/latex/etoolbox/etoolbox.sty
Package: etoolbox 2011/01/03 v2.1 e-TeX tools for LaTeX

(/usr/local/texlive/2013/texmf-dist/tex/latex/etex-pkg/etex.sty
Package: etex 1998/03/26 v2.0 eTeX basic definition package (PEB)
\et@xins=\count130
)
\etb@tempcnta=\count131
)
(/usr/local/texlive/2013/texmf-dist/tex/latex/fmtcount/fcprefix.sty
Package: fcprefix 2012/09/28

(/usr/local/texlive/2013/texmf-dist/tex/latex/fmtcount/fcnumparser.sty
Package: fcnumparser 2012/09/28
\fc@digit@counter=\count132
))
\c@padzeroesN=\count133
\fc@tmpcatcode=\count134
\@DT@modctr=\count135
\@ordinalctr=\count136
\@orgargctr=\count137
\@strctr=\count138
\@tmpstrctr=\count139
\@DT@loopN=\count140
\@DT@X=\count141

(/usr/local/texlive/2013/texmf-dist/tex/latex/fmtcount/fc-english.def
File: fc-english.def 2012/06/18
))
\@day=\count142
\@month=\count143
\@year=\count144
\c@HOUR=\count145
\c@HOURXII=\count146
\c@MINUTE=\count147
\c@TOHOUR=\count148
\c@TOMINUTE=\count149
\c@SECOND=\count150
\currenthour=\count151
\currentminute=\count152
\currentsecond=\count153
Package datetime Info: No datetime.cfg file found, using default settings on in
put line 292.
\@dtctr=\count154
\dayofyear=\count155
\dayofweek=\count156
LaTeX Info: Redefining \today on input line 724.
\dt@a=\toks29
\dt@b=\toks30
)
(/usr/local/texlive/2013/texmf-dist/tex/latex/fancyvrb/fancyvrb.sty
Package: fancyvrb 2008/02/07

Style option: `fancyvrb' v2.7a, with DG/SPQR fixes, and firstline=lastline fix 
<2008/02/07> (tvz)
\FV@CodeLineNo=\count157
\FV@InFile=\read1
\FV@TabBox=\box33
\c@FancyVerbLine=\count158
\FV@StepNumber=\count159
\FV@OutFile=\write4
)
(/usr/local/texlive/2013/texmf-dist/tex/latex/csquotes/csquotes.sty
Package: csquotes 2011/10/22 v5.1d context-sensitive quotations
\csq@reset=\count160
\csq@gtype=\count161
\csq@glevel=\count162
\csq@qlevel=\count163
\csq@maxlvl=\count164
\csq@tshold=\count165
\csq@ltx@everypar=\toks31

(/usr/local/texlive/2013/texmf-dist/tex/latex/csquotes/csquotes.def
File: csquotes.def 2011/10/22 v5.1d csquotes generic definitions
)
Package csquotes Info: Trying to load configuration file 'csquotes.cfg'...
Package csquotes Info: ... configuration file loaded successfully.

(/usr/local/texlive/2013/texmf-dist/tex/latex/csquotes/csquotes.cfg
File: csquotes.cfg 
)
Package csquotes Info: Enabling multilingual quotes.
Package csquotes Info: Redefining alias 'english' -> 'english/american'.
)
Package csquotes Info: Allocating character ".

(/usr/local/texlive/2013/texmf-dist/tex/latex/algorithms/algorithm.sty
Package: algorithm 2009/08/24 v0.1 Document Style `algorithm' - floating enviro
nment
\@float@every@algorithm=\toks32
\c@algorithm=\count166
)
(/usr/local/texlive/2013/texmf-dist/tex/latex/algorithms/algorithmic.sty
Package: algorithmic 2009/08/24 v0.1 Document Style `algorithmic'
\c@ALC@unique=\count167
\c@ALC@line=\count168
\c@ALC@rem=\count169
\c@ALC@depth=\count170
\ALC@tlm=\skip101
\algorithmicindent=\skip102
)
(/usr/local/texlive/2013/texmf-dist/tex/latex/makecell/makecell.sty
Package: makecell 2009/08/03 V0.1e Managing of Tab Column Heads and Cells
\rotheadsize=\dimen153
\c@nlinenum=\count171
\TeXr@lab=\toks33
)
(/usr/local/texlive/2013/texmf-dist/tex/latex/titlesec/titletoc.sty
Package: titletoc 2011/12/15 v1.6 TOC entries
\ttl@leftsep=\dimen154
)
(./sfchap.sty) (./sfsection.sty)
(/usr/local/texlive/2013/texmf-dist/tex/latex/natbib/natbib.sty
Package: natbib 2010/09/13 8.31b (PWD, AO)
\bibhang=\skip103
\bibsep=\skip104
LaTeX Info: Redefining \cite on input line 694.
\c@NAT@ctr=\count172
)
(/usr/local/texlive/2013/texmf-dist/tex/latex/appendix/appendix.sty
Package: appendix 2009/09/02 v1.2b extra appendix facilities
\c@@pps=\count173
\c@@ppsavesec=\count174
\c@@ppsaveapp=\count175
)
(/usr/local/texlive/2013/texmf-dist/tex/latex/tocbibind/tocbibind.sty
Package: tocbibind 2010/10/13 v1.5k extra ToC listings
Package tocbibind Info: The document has chapter divisions on input line 50.


Package tocbibind Note: Using chapter style headings, unless overridden.

) (/usr/local/texlive/2013/texmf-dist/tex/latex/hyperref/hyperref.sty
Package: hyperref 2012/11/06 v6.83m Hypertext links for LaTeX

(/usr/local/texlive/2013/texmf-dist/tex/generic/oberdiek/hobsub-hyperref.sty
Package: hobsub-hyperref 2012/05/28 v1.13 Bundle oberdiek, subset hyperref (HO)


(/usr/local/texlive/2013/texmf-dist/tex/generic/oberdiek/hobsub-generic.sty
Package: hobsub-generic 2012/05/28 v1.13 Bundle oberdiek, subset generic (HO)
Package: hobsub 2012/05/28 v1.13 Construct package bundles (HO)
Package hobsub Info: Skipping package `infwarerr' (already loaded).
Package hobsub Info: Skipping package `ltxcmds' (already loaded).
Package: ifluatex 2010/03/01 v1.3 Provides the ifluatex switch (HO)
Package ifluatex Info: LuaTeX not detected.
Package: ifvtex 2010/03/01 v1.5 Detect VTeX and its facilities (HO)
Package ifvtex Info: VTeX not detected.
Package: intcalc 2007/09/27 v1.1 Expandable calculations with integers (HO)
Package: ifpdf 2011/01/30 v2.3 Provides the ifpdf switch (HO)
Package ifpdf Info: pdfTeX in PDF mode is detected.
Package: etexcmds 2011/02/16 v1.5 Avoid name clashes with e-TeX commands (HO)
Package etexcmds Info: Could not find \expanded.
(etexcmds)             That can mean that you are not using pdfTeX 1.50 or
(etexcmds)             that some package has redefined \expanded.
(etexcmds)             In the latter case, load this package earlier.
Package: kvsetkeys 2012/04/25 v1.16 Key value parser (HO)
Package: kvdefinekeys 2011/04/07 v1.3 Define keys (HO)
Package: pdftexcmds 2011/11/29 v0.20 Utility functions of pdfTeX for LuaTeX (HO
)
Package pdftexcmds Info: LuaTeX not detected.
Package pdftexcmds Info: \pdf@primitive is available.
Package pdftexcmds Info: \pdf@ifprimitive is available.
Package pdftexcmds Info: \pdfdraftmode found.
Package: pdfescape 2011/11/25 v1.13 Implements pdfTeX's escape features (HO)
Package: bigintcalc 2012/04/08 v1.3 Expandable calculations on big integers (HO
)
Package: bitset 2011/01/30 v1.1 Handle bit-vector datatype (HO)
Package: uniquecounter 2011/01/30 v1.2 Provide unlimited unique counter (HO)
)
Package hobsub Info: Skipping package `hobsub' (already loaded).
Package: letltxmacro 2010/09/02 v1.4 Let assignment for LaTeX macros (HO)
Package: hopatch 2012/05/28 v1.2 Wrapper for package hooks (HO)
Package: xcolor-patch 2011/01/30 xcolor patch
Package: atveryend 2011/06/30 v1.8 Hooks at the very end of document (HO)
Package: atbegshi 2011/10/05 v1.16 At begin shipout hook (HO)
Package: refcount 2011/10/16 v3.4 Data extraction from label references (HO)
Package: hycolor 2011/01/30 v1.7 Color options for hyperref/bookmark (HO)
)
(/usr/local/texlive/2013/texmf-dist/tex/generic/ifxetex/ifxetex.sty
Package: ifxetex 2010/09/12 v0.6 Provides ifxetex conditional
)
(/usr/local/texlive/2013/texmf-dist/tex/latex/oberdiek/auxhook.sty
Package: auxhook 2011/03/04 v1.3 Hooks for auxiliary files (HO)
)
(/usr/local/texlive/2013/texmf-dist/tex/latex/oberdiek/kvoptions.sty
Package: kvoptions 2011/06/30 v3.11 Key value format for package options (HO)
)
\@linkdim=\dimen155
\Hy@linkcounter=\count176
\Hy@pagecounter=\count177

(/usr/local/texlive/2013/texmf-dist/tex/latex/hyperref/pd1enc.def
File: pd1enc.def 2012/11/06 v6.83m Hyperref: PDFDocEncoding definition (HO)
)
\Hy@SavedSpaceFactor=\count178

(/usr/local/texlive/2013/texmf-dist/tex/latex/latexconfig/hyperref.cfg
File: hyperref.cfg 2002/06/06 v1.2 hyperref configuration of TeXLive
)
Package hyperref Info: Hyper figures OFF on input line 4443.
Package hyperref Info: Link nesting OFF on input line 4448.
Package hyperref Info: Hyper index ON on input line 4451.
Package hyperref Info: Plain pages OFF on input line 4458.
Package hyperref Info: Backreferencing OFF on input line 4463.
Package hyperref Info: Implicit mode ON; LaTeX internals redefined.
Package hyperref Info: Bookmarks ON on input line 4688.
\c@Hy@tempcnt=\count179
LaTeX Info: Redefining \url on input line 5041.
\XeTeXLinkMargin=\dimen156
\Fld@menulength=\count180
\Field@Width=\dimen157
\Fld@charsize=\dimen158
Package hyperref Info: Hyper figures OFF on input line 6295.
Package hyperref Info: Link nesting OFF on input line 6300.
Package hyperref Info: Hyper index ON on input line 6303.
Package hyperref Info: backreferencing OFF on input line 6310.
Package hyperref Info: Link coloring OFF on input line 6315.
Package hyperref Info: Link coloring with OCG OFF on input line 6320.
Package hyperref Info: PDF/A mode OFF on input line 6325.
LaTeX Info: Redefining \ref on input line 6365.
LaTeX Info: Redefining \pageref on input line 6369.
\Hy@abspage=\count181
\c@Item=\count182
\c@Hfootnote=\count183
)

Package hyperref Message: Driver (autodetected): hpdftex.

(/usr/local/texlive/2013/texmf-dist/tex/latex/hyperref/hpdftex.def
File: hpdftex.def 2012/11/06 v6.83m Hyperref driver for pdfTeX
\Fld@listcount=\count184
\c@bookmark@seq@number=\count185

(/usr/local/texlive/2013/texmf-dist/tex/latex/oberdiek/rerunfilecheck.sty
Package: rerunfilecheck 2011/04/15 v1.7 Rerun checks for auxiliary files (HO)
Package uniquecounter Info: New unique counter `rerunfilecheck' on input line 2
82.
)
\Hy@SectionHShift=\skip105
)
Package hyperref Info: Option `bookmarksnumbered' set `true' on input line 77.
Package hyperref Info: Option `plainpages' set `false' on input line 77.

(/usr/local/texlive/2013/texmf-dist/tex/latex/oberdiek/hypcap.sty
Package: hypcap 2011/02/16 v1.11 Adjusting the anchors of captions (HO)
)
Package csquotes Info: Checking for multilingual support...
Package csquotes Info: ... none found.


Package csquotes Warning: No multilingual support.
(csquotes)                Cannot enable multilingual quotes on input line 115.

(./thesis.aux)
\openout1 = `thesis.aux'.

LaTeX Font Info:    Checking defaults for OML/cmm/m/it on input line 115.
LaTeX Font Info:    ... okay on input line 115.
LaTeX Font Info:    Checking defaults for T1/cmr/m/n on input line 115.
LaTeX Font Info:    ... okay on input line 115.
LaTeX Font Info:    Checking defaults for OT1/cmr/m/n on input line 115.
LaTeX Font Info:    ... okay on input line 115.
LaTeX Font Info:    Checking defaults for OMS/cmsy/m/n on input line 115.
LaTeX Font Info:    ... okay on input line 115.
LaTeX Font Info:    Checking defaults for OMX/cmex/m/n on input line 115.
LaTeX Font Info:    ... okay on input line 115.
LaTeX Font Info:    Checking defaults for U/cmr/m/n on input line 115.
LaTeX Font Info:    ... okay on input line 115.
LaTeX Font Info:    Checking defaults for TS1/cmr/m/n on input line 115.
LaTeX Font Info:    Try loading font information for TS1+cmr on input line 115.

 (/usr/local/texlive/2013/texmf-dist/tex/latex/base/ts1cmr.fd
File: ts1cmr.fd 1999/05/25 v2.5h Standard LaTeX font definitions
)
LaTeX Font Info:    ... okay on input line 115.
LaTeX Font Info:    Checking defaults for PD1/pdf/m/n on input line 115.
LaTeX Font Info:    ... okay on input line 115.
LaTeX Font Info:    Try loading font information for T1+ptm on input line 115.

(/usr/local/texlive/2013/texmf-dist/tex/latex/psnfss/t1ptm.fd
File: t1ptm.fd 2001/06/04 font definitions for T1/ptm.
)
\c@lstlisting=\count186

(/usr/local/texlive/2013/texmf-dist/tex/context/base/supp-pdf.mkii
[Loading MPS to PDF converter (version 2006.09.02).]
\scratchcounter=\count187
\scratchdimen=\dimen159
\scratchbox=\box34
\nofMPsegments=\count188
\nofMParguments=\count189
\everyMPshowfont=\toks34
\MPscratchCnt=\count190
\MPscratchDim=\dimen160
\MPnumerator=\count191
\makeMPintoPDFobject=\count192
\everyMPtoPDFconversion=\toks35
) (/usr/local/texlive/2013/texmf-dist/tex/latex/oberdiek/epstopdf-base.sty
Package: epstopdf-base 2010/02/09 v2.5 Base part for package epstopdf

(/usr/local/texlive/2013/texmf-dist/tex/latex/oberdiek/grfext.sty
Package: grfext 2010/08/19 v1.1 Manage graphics extensions (HO)
)
Package grfext Info: Graphics extension search list:
(grfext)             [.pdf,.jpeg,.png,.PNG,.tiff,.eps]
(grfext)             \AppendGraphicsExtensions on input line 452.

(/usr/local/texlive/2013/texmf-dist/tex/latex/latexconfig/epstopdf-sys.cfg
File: epstopdf-sys.cfg 2010/07/13 v1.3 Configuration of (r)epstopdf for TeX Liv
e
))
Package caption Info: Begin \AtBeginDocument code.
Package caption Info: subfig package v1.3 is loaded.
Package caption Info: float package is loaded.
Package caption Info: hyperref package is loaded.
Package caption Info: hypcap package is loaded.
Package caption Info: rotating package is loaded.
Package caption Info: End \AtBeginDocument code.
Package csquotes Info: Making character " active on input line 115.
\AtBeginShipoutBox=\box35
Package hyperref Info: Link coloring OFF on input line 115.

(/usr/local/texlive/2013/texmf-dist/tex/latex/hyperref/nameref.sty
Package: nameref 2012/10/27 v2.43 Cross-referencing by name of section

(/usr/local/texlive/2013/texmf-dist/tex/generic/oberdiek/gettitlestring.sty
Package: gettitlestring 2010/12/03 v1.4 Cleanup title references (HO)
)
\c@section@level=\count193
)
LaTeX Info: Redefining \ref on input line 115.
LaTeX Info: Redefining \pageref on input line 115.
LaTeX Info: Redefining \nameref on input line 115.

(./thesis.out) (./thesis.out)
\@outlinefile=\write5
\openout5 = `thesis.out'.

 [1

{/usr/local/texlive/2013/texmf-var/fonts/map/pdftex/updmap/pdftex.map}]
LaTeX Font Info:    Font shape `T1/ptm/bx/n' in size <12> not available
(Font)              Font shape `T1/ptm/b/n' tried instead on input line 184.
 (./thesis.toc
LaTeX Font Info:    Try loading font information for OT1+ztmcm on input line 2.


(/usr/local/texlive/2013/texmf-dist/tex/latex/psnfss/ot1ztmcm.fd
File: ot1ztmcm.fd 2000/01/03 Fontinst v1.801 font definitions for OT1/ztmcm.
)
LaTeX Font Info:    Try loading font information for OML+ztmcm on input line 2.


(/usr/local/texlive/2013/texmf-dist/tex/latex/psnfss/omlztmcm.fd
File: omlztmcm.fd 2000/01/03 Fontinst v1.801 font definitions for OML/ztmcm.
)
LaTeX Font Info:    Try loading font information for OMS+ztmcm on input line 2.


(/usr/local/texlive/2013/texmf-dist/tex/latex/psnfss/omsztmcm.fd
File: omsztmcm.fd 2000/01/03 Fontinst v1.801 font definitions for OMS/ztmcm.
)
LaTeX Font Info:    Try loading font information for OMX+ztmcm on input line 2.


(/usr/local/texlive/2013/texmf-dist/tex/latex/psnfss/omxztmcm.fd
File: omxztmcm.fd 2000/01/03 Fontinst v1.801 font definitions for OMX/ztmcm.
)
LaTeX Font Info:    Try loading font information for OT1+ptm on input line 2.

(/usr/local/texlive/2013/texmf-dist/tex/latex/psnfss/ot1ptm.fd
File: ot1ptm.fd 2001/06/04 font definitions for OT1/ptm.
)
LaTeX Font Info:    Font shape `OT1/ptm/bx/n' in size <12> not available
(Font)              Font shape `OT1/ptm/b/n' tried instead on input line 2.
LaTeX Font Info:    Font shape `OT1/ptm/bx/n' in size <9> not available
(Font)              Font shape `OT1/ptm/b/n' tried instead on input line 2.
LaTeX Font Info:    Font shape `OT1/ptm/bx/n' in size <7> not available
(Font)              Font shape `OT1/ptm/b/n' tried instead on input line 2.

Overfull \hbox (6.4764pt too wide) in paragraph at lines 16--16
 [][] [][]\T1/ptm/m/n/12 Computationally de-signed pro-teins fre-quently ag-gre
-gate un-less ^^P  su- 
 []


Package acronym Warning: Acronym `ANN' is not defined on input line 30.


Package acronym Warning: Acronym `ANN' is not defined on input line 32.

)
\tf@toc=\write6
\openout6 = `thesis.toc'.

 [1

] [2] (./thesis.lot)
\tf@lot=\write7
\openout7 = `thesis.lot'.

 [3

] (./thesis.lof)
\tf@lof=\write8
\openout8 = `thesis.lof'.

 [4

]
(./introduction/Introduction.tex
CHAPTER I.

Package natbib Warning: Citation `Wang:2007du' on page 1 undefined on input lin
e 17.

Package acronym Info: Label `acro:PDB' newly defined as it shall be overridden
although it is yet undefined on input line 22.

Package acronym Warning: Acronym `PDB' is not defined on input line 22.


Package acronym Warning: Acronym `PDB' is not defined on input line 22.


Package natbib Warning: Citation `Simons:1997do' on page 1 undefined on input l
ine 22.


Package natbib Warning: Citation `Bystroff:1996vl' on page 1 undefined on input
 line 22.


Package natbib Warning: Citation `Rohl:2004dh' on page 1 undefined on input lin
e 24.

[1

]

Package natbib Warning: Citation `Levinthal:1968vd' on page 2 undefined on inpu
t line 27.


Package natbib Warning: Citation `Kuhlman:2000tc' on page 2 undefined on input 
line 28.


Package natbib Warning: Citation `Dunbrack:1993jt' on page 2 undefined on input
 line 28.


Package natbib Warning: Citation `Dunbrack:1993jt' on page 2 undefined on input
 line 29.


Package natbib Warning: Citation `Kuhlman:2000tc' on page 2 undefined on input 
line 30.


Package natbib Warning: Citation `LeaverFay:2005vc' on page 2 undefined on inpu
t line 30.


Package natbib Warning: Citation `Rohl:2004dh' on page 2 undefined on input lin
e 35.


Package natbib Warning: Citation `Simons:1997do' on page 2 undefined on input l
ine 38.


Package natbib Warning: Citation `Simons:1999wp' on page 2 undefined on input l
ine 38.


Package acronym Warning: Acronym `PDB' is not defined on input line 45.

[2]

Package natbib Warning: Citation `Kuhlman:2000tc' on page 3 undefined on input 
line 50.


Package natbib Warning: Citation `Kuhlman:2003kp' on page 3 undefined on input 
line 50.


Package natbib Warning: Citation `Lazaridis:1999wi' on page 3 undefined on inpu
t line 51.


Package natbib Warning: Citation `Kortemme:2003td' on page 3 undefined on input
 line 51.


Package natbib Warning: Citation `Dunbrack:1993jt' on page 3 undefined on input
 line 51.


Package natbib Warning: Citation `Kuhlman:2003kp' on page 3 undefined on input 
line 59.


Package natbib Warning: Citation `Kuhlman:2003kp' on page 3 undefined on input 
line 60.


Package natbib Warning: Citation `Dunbrack:1993jt' on page 3 undefined on input
 line 62.


Package natbib Warning: Citation `Kuhlman:2003kp' on page 3 undefined on input 
line 63.


Package natbib Warning: Citation `Kuhlman:2003kp' on page 3 undefined on input 
line 64.


Package natbib Warning: Citation `Korkegian:2005it' on page 3 undefined on inpu
t line 64.


Package natbib Warning: Citation `Jiang:2008jk' on page 3 undefined on input li
ne 64.


Package natbib Warning: Citation `Thompson:2006cj' on page 3 undefined on input
 line 64.

[3]

Package acronym Warning: Acronym `PDB' is not defined on input line 68.


Package natbib Warning: Citation `Rohl:2004dh' on page 4 undefined on input lin
e 69.

Package acronym Info: Label `acro:RMSD' newly defined as it shall be overridden

although it is yet undefined on input line 72.

Package acronym Warning: Acronym `RMSD' is not defined on input line 72.


Package acronym Warning: Acronym `RMSD' is not defined on input line 72.


Package natbib Warning: Citation `Kuhlman:2003kp' on page 4 undefined on input 
line 72.


Package natbib Warning: Citation `Ambroggio:2006he' on page 4 undefined on inpu
t line 76.


Package natbib Warning: Citation `Kuhlman:2003kp' on page 4 undefined on input 
line 79.


Package acronym Warning: Acronym `PDB' is not defined on input line 81.


Package natbib Warning: Citation `GarciaSaez:1997cn' on page 4 undefined on inp
ut line 81.


Package natbib Warning: Citation `Dantas:2007iq' on page 4 undefined on input l
ine 83.

[4]

Package natbib Warning: Citation `Fortenberry:2011hw' on page 5 undefined on in
put line 89.


Package natbib Warning: Citation `Park:2004kn' on page 5 undefined on input lin
e 95.


Package natbib Warning: Citation `Xiao:2013dq' on page 5 undefined on input lin
e 98.


Overfull \hbox (3.74002pt too wide) in paragraph at lines 100--100
[]\T1/ptm/b/n/12 Computationally de-signed pro-teins fre-quently ag-gre-gate un
-less ^^P  su-per-charged^^Q 
 []


Package natbib Warning: Citation `Dantas:2003vt' on page 5 undefined on input l
ine 102.


Package natbib Warning: Citation `Simeonov:2011jf' on page 5 undefined on input
 line 104.


Package natbib Warning: Citation `Kurnik:2012dz' on page 5 undefined on input l
ine 104.


Package natbib Warning: Citation `MichaelSLawrence:2007cv' on page 5 undefined 
on input line 104.


Package natbib Warning: Citation `MichaelSLawrence:2007cv' on page 5 undefined 
on input line 106.

[5]

Package natbib Warning: Citation `BEDDELL:1976go' on page 6 undefined on input 
line 111.

[6]

Package natbib Warning: Citation `Kuntz:1982wx' on page 7 undefined on input li
ne 128.

[7]

Package natbib Warning: Citation `Goodford:1985bf' on page 8 undefined on input
 line 135.


Package natbib Warning: Citation `KOSHLAND:1958wa' on page 8 undefined on input
 line 148.


Package natbib Warning: Citation `Nicklaus:1995tu' on page 8 undefined on input
 line 148.


Package acronym Warning: Acronym `RMSD' is not defined on input line 150.


Package acronym Warning: Acronym `RMSD' is not defined on input line 151.

[8]

Package natbib Warning: Citation `Rarey:1996hf' on page 9 undefined on input li
ne 156.

Package acronym Info: Label `acro:GOLD' newly defined as it shall be overridden

although it is yet undefined on input line 156.

Package acronym Warning: Acronym `GOLD' is not defined on input line 156.


Package acronym Warning: Acronym `GOLD' is not defined on input line 156.


Package natbib Warning: Citation `Jones:1997bl' on page 9 undefined on input li
ne 156.


Package acronym Warning: Acronym `GOLD' is not defined on input line 161.


Package natbib Warning: Citation `Jones:1995vw' on page 9 undefined on input li
ne 162.


Package acronym Warning: Acronym `GOLD' is not defined on input line 164.

[9]

Package natbib Warning: Citation `Friesner:2004hm' on page 10 undefined on inpu
t line 167.


Package natbib Warning: Citation `Eldridge:1997tm' on page 10 undefined on inpu
t line 172.


Package natbib Warning: Citation `Yilmaz:2013dj' on page 10 undefined on input 
line 174.


Package natbib Warning: Citation `Bauer:2013de' on page 10 undefined on input l
ine 174.


Package natbib Warning: Citation `Meiler:2006vj' on page 10 undefined on input 
line 178.


Package natbib Warning: Citation `Gray:2003uk' on page 10 undefined on input li
ne 178.


Package natbib Warning: Citation `Barth:2007cw' on page 10 undefined on input l
ine 181.


Package natbib Warning: Citation `Meiler:2006vj' on page 10 undefined on input 
line 182.


Package natbib Warning: Citation `Yang:2014dm' on page 10 undefined on input li
ne 182.


Package natbib Warning: Citation `KOSHLAND:1958wa' on page 10 undefined on inpu
t line 182.


Package natbib Warning: Citation `Davis:2009bf' on page 10 undefined on input l
ine 183.


Package natbib Warning: Citation `Davis:2009fx' on page 10 undefined on input l
ine 184.

[10]
Package acronym Info: Label `acro:CASP' newly defined as it shall be overridden

although it is yet undefined on input line 191.


Package acronym Warning: Acronym `CASP' is not defined on input line 191.


Package acronym Warning: Acronym `CASP' is not defined on input line 191.


Package natbib Warning: Citation `Kaufmann:2012ck' on page 11 undefined on inpu
t line 191.

Package acronym Info: Label `acro:GPCR' newly defined as it shall be overridden

although it is yet undefined on input line 195.

Package acronym Warning: Acronym `GPCR' is not defined on input line 195.


Package acronym Warning: Acronym `GPCR' is not defined on input line 195.


Package natbib Warning: Citation `Combs:2011db' on page 11 undefined on input l
ine 198.


Package natbib Warning: Citation `Turlington:2013et' on page 11 undefined on in
put line 199.

[11]

Package natbib Warning: Citation `Bauer:2013de' on page 12 undefined on input l
ine 209.


Package acronym Warning: Acronym `GOLD' is not defined on input line 210.

Package acronym Info: Label `acro:vHTS' newly defined as it shall be overridden

although it is yet undefined on input line 214.

Package acronym Warning: Acronym `vHTS' is not defined on input line 214.


Package acronym Warning: Acronym `vHTS' is not defined on input line 214.


Package natbib Warning: Citation `Mysinger:2012hu' on page 12 undefined on inpu
t line 215.

[12]

Package natbib Warning: Citation `Rosenblatt:1958jc' on page 13 undefined on in
put line 219.

Package acronym Info: Label `acro:ANN' newly defined as it shall be overridden
although it is yet undefined on input line 219.

Package acronym Warning: Acronym `ANN' is not defined on input line 219.


Package acronym Warning: Acronym `ANN' is not defined on input line 219.


Package acronym Warning: Acronym `ANN' is not defined on input line 220.


Package natbib Warning: Citation `Gallant:1990hk' on page 13 undefined on input
 line 220.


Package acronym Warning: Acronym `ANN' is not defined on input line 220.


Package acronym Warning: Acronym `ANN' is not defined on input line 221.


Package acronym Warning: Acronym `ANN' is not defined on input line 222.


Package natbib Warning: Citation `Zhao:2003bf' on page 13 undefined on input li
ne 222.


Package natbib Warning: Citation `Zhou:2002ew' on page 13 undefined on input li
ne 222.


Package natbib Warning: Citation `Gohlke:2002in' on page 13 undefined on input 
line 222.


Package acronym Warning: Acronym `ANN' is not defined on input line 223.


Package acronym Warning: Acronym `ANN' is not defined on input line 225.


Package acronym Warning: Acronym `ANN' is not defined on input line 227.


Package natbib Warning: Citation `Tetko:1995cm' on page 13 undefined on input l
ine 229.

[13]
Package acronym Info: Label `acro:GPU' newly defined as it shall be overridden
although it is yet undefined on input line 236.


Package acronym Warning: Acronym `GPU' is not defined on input line 236.


Package acronym Warning: Acronym `GPU' is not defined on input line 236.


Package natbib Warning: Citation `Hinton:2006dy' on page 14 undefined on input 
line 237.


Package natbib Warning: Citation `Le:2013kz' on page 14 undefined on input line
 238.


Package natbib Warning: Citation `Hinton:2012tv' on page 14 undefined on input 
line 242.


Package acronym Warning: Acronym `ANN' is not defined on input line 244.


Package acronym Warning: Acronym `ANN' is not defined on input line 246.


Package natbib Warning: Citation `Nicklaus:1995tu' on page 14 undefined on inpu
t line 248.


Package acronym Warning: Acronym `ANN' is not defined on input line 250.

Package acronym Info: Label `acro:QSAR' newly defined as it shall be overridden

although it is yet undefined on input line 250.

Package acronym Warning: Acronym `QSAR' is not defined on input line 250.


Package acronym Warning: Acronym `QSAR' is not defined on input line 250.


Package natbib Warning: Citation `Myint:2012ts' on page 14 undefined on input l
ine 250.

Package acronym Info: Label `acro:RDF' newly defined as it shall be overridden
although it is yet undefined on input line 252.

Package acronym Warning: Acronym `RDF' is not defined on input line 252.


Package acronym Warning: Acronym `RDF' is not defined on input line 252.


Package acronym Warning: Acronym `RDF' is not defined on input line 253.


Package acronym Warning: Acronym `ANN' is not defined on input line 253.


Package acronym Warning: Acronym `RDF' is not defined on input line 254.


Package acronym Warning: Acronym `QSAR' is not defined on input line 254.


Package natbib Warning: Citation `Mueller:2010dx' on page 14 undefined on input
 line 254.

[14]

Package acronym Warning: Acronym `QSAR' is not defined on input line 256.


Package natbib Warning: Citation `Sahigara:2012kb' on page 15 undefined on inpu
t line 257.


Package acronym Warning: Acronym `QSAR' is not defined on input line 258.


Package acronym Warning: Acronym `ANN' is not defined on input line 259.


Package acronym Warning: Acronym `ANN' is not defined on input line 260.


Package acronym Warning: Acronym `ANN' is not defined on input line 260.


Package natbib Warning: Citation `Durrant:2013db' on page 15 undefined on input
 line 261.


Package natbib Warning: Citation `Durrant:2011dx' on page 15 undefined on input
 line 261.


Package acronym Warning: Acronym `vHTS' is not defined on input line 261.

[15])
No file thesis.bbl.

Package natbib Warning: There were undefined citations.

Package atveryend Info: Empty hook `BeforeClearDocument' on input line 218.
[16]
Package atveryend Info: Empty hook `AfterLastShipout' on input line 218.
 (./thesis.aux)
Package atveryend Info: Executing hook `AtVeryEndDocument' on input line 218.


 *File List*
  report.cls    2007/10/19 v1.4h Standard LaTeX document class
  size12.clo    2007/10/19 v1.4h Standard LaTeX file (size option)
 nomencl.sty    2005/09/22 v4.2 Nomenclature package (LN)
 fontenc.sty
   t1enc.def    2005/09/27 v1.99g Standard LaTeX file
textcomp.sty    2005/09/27 v1.99g Standard LaTeX package
  ts1enc.def    2001/06/05 v3.0e (jk/car/fm) Standard LaTeX file
   array.sty    2008/09/09 v2.4c Tabular extension package (FMi)
listings.sty    2007/02/22 1.4 (Carsten Heinz)
  keyval.sty    1999/03/16 v1.13 key=value parser (DPC)
 lstmisc.sty    2007/02/22 1.4 (Carsten Heinz)
listings.cfg    2007/02/22 1.4 listings configuration
tabularx.sty    1999/01/07 v2.07 `tabularx' package (DPC)
setspace.sty    2011/12/19 v6.7a set line spacing
mathptmx.sty    2005/04/12 PSNFSS-v9.2a Times w/ Math, improved (SPQR, WaS) 
  xcolor.sty    2007/01/21 v2.11 LaTeX color extensions (UK)
   color.cfg    2007/01/18 v1.5 color configuration of teTeX/TeXLive
  pdftex.def    2011/05/27 v0.06d Graphics/color for pdfTeX
infwarerr.sty    2010/04/08 v1.3 Providing info/warning/error messages (HO)
 ltxcmds.sty    2011/11/09 v1.22 LaTeX kernel commands for general use (HO)
colortbl.sty    2012/02/13 v1.0a Color table columns (DPC)
  svgnam.def    2007/01/21 v2.11 Predefined colors according to SVG 1.1 (UK)
graphicx.sty    1999/02/16 v1.0f Enhanced LaTeX Graphics (DPC,SPQR)
graphics.sty    2009/02/05 v1.0o Standard LaTeX Graphics (DPC,SPQR)
    trig.sty    1999/03/16 v1.09 sin cos tan (DPC)
graphics.cfg    2010/04/23 v1.9 graphics configuration of TeX Live
 amssymb.sty    2013/01/14 v3.01 AMS font symbols
amsfonts.sty    2013/01/14 v3.01 Basic AMSFonts support
 amsmath.sty    2013/01/14 v2.14 AMS math features
 amstext.sty    2000/06/29 v2.01
  amsgen.sty    1999/11/30 v2.0
  amsbsy.sty    1999/11/29 v1.2d
  amsopn.sty    1999/12/14 v2.01 operator names
  subfig.sty    2005/06/28 ver: 1.3 subfig package
 caption.sty    2013/05/02 v3.3-89 Customizing captions (AR)
caption3.sty    2013/05/02 v1.6-88 caption3 kernel (AR)
  epsfig.sty    1999/02/16 v1.7a (e)psfig emulation (SPQR)
   times.sty    2005/04/12 PSNFSS-v9.2a (SPQR) 
   float.sty    2001/11/08 v1.3d Float enhancements (AL)
    pbox.sty    2011/12/07 v1.2 Dynamic parboxes
    calc.sty    2007/08/22 v4.3 Infix arithmetic (KKT,FJ)
  ifthen.sty    2001/05/26 v1.1c Standard LaTeX ifthen package (DPC)
rotating.sty    2009/03/28 v2.16a rotated objects in LaTeX
 makeidx.sty    2000/03/29 v1.0m Standard LaTeX package
     url.sty    2006/04/12  ver 3.3  Verb mode for urls, etc.
multirow.sty    
booktabs.sty    2005/04/14 v1.61803 publication quality tables
 tocloft.sty    2013/05/02 v2.3f parameterised ToC, etc., typesetting
 acronym.sty    2012/10/29 v1.38 Support for acronyms (Tobias Oetiker)
  suffix.sty    2006/07/15 1.5 Variant command support
 xstring.sty    2013/2/28  v1.7a  String manipulations (C Tellechea)
datetime.sty    2010/09/21 v2.58 Date Time Package
fmtcount.sty    2012/10/24 v2.02
etoolbox.sty    2011/01/03 v2.1 e-TeX tools for LaTeX
    etex.sty    1998/03/26 v2.0 eTeX basic definition package (PEB)
fcprefix.sty    2012/09/28
fcnumparser.sty    2012/09/28
fc-english.def    2012/06/18
fancyvrb.sty    2008/02/07
csquotes.sty    2011/10/22 v5.1d context-sensitive quotations
csquotes.def    2011/10/22 v5.1d csquotes generic definitions
csquotes.cfg    
algorithm.sty    2009/08/24 v0.1 Document Style `algorithm' - floating environm
ent
algorithmic.sty    2009/08/24 v0.1 Document Style `algorithmic'
makecell.sty    2009/08/03 V0.1e Managing of Tab Column Heads and Cells
titletoc.sty    2011/12/15 v1.6 TOC entries
  sfchap.sty    
sfsection.sty    
  natbib.sty    2010/09/13 8.31b (PWD, AO)
appendix.sty    2009/09/02 v1.2b extra appendix facilities
tocbibind.sty    2010/10/13 v1.5k extra ToC listings
hyperref.sty    2012/11/06 v6.83m Hypertext links for LaTeX
hobsub-hyperref.sty    2012/05/28 v1.13 Bundle oberdiek, subset hyperref (HO)
hobsub-generic.sty    2012/05/28 v1.13 Bundle oberdiek, subset generic (HO)
  hobsub.sty    2012/05/28 v1.13 Construct package bundles (HO)
ifluatex.sty    2010/03/01 v1.3 Provides the ifluatex switch (HO)
  ifvtex.sty    2010/03/01 v1.5 Detect VTeX and its facilities (HO)
 intcalc.sty    2007/09/27 v1.1 Expandable calculations with integers (HO)
   ifpdf.sty    2011/01/30 v2.3 Provides the ifpdf switch (HO)
etexcmds.sty    2011/02/16 v1.5 Avoid name clashes with e-TeX commands (HO)
kvsetkeys.sty    2012/04/25 v1.16 Key value parser (HO)
kvdefinekeys.sty    2011/04/07 v1.3 Define keys (HO)
pdftexcmds.sty    2011/11/29 v0.20 Utility functions of pdfTeX for LuaTeX (HO)
pdfescape.sty    2011/11/25 v1.13 Implements pdfTeX's escape features (HO)
bigintcalc.sty    2012/04/08 v1.3 Expandable calculations on big integers (HO)
  bitset.sty    2011/01/30 v1.1 Handle bit-vector datatype (HO)
uniquecounter.sty    2011/01/30 v1.2 Provide unlimited unique counter (HO)
letltxmacro.sty    2010/09/02 v1.4 Let assignment for LaTeX macros (HO)
 hopatch.sty    2012/05/28 v1.2 Wrapper for package hooks (HO)
xcolor-patch.sty    2011/01/30 xcolor patch
atveryend.sty    2011/06/30 v1.8 Hooks at the very end of document (HO)
atbegshi.sty    2011/10/05 v1.16 At begin shipout hook (HO)
refcount.sty    2011/10/16 v3.4 Data extraction from label references (HO)
 hycolor.sty    2011/01/30 v1.7 Color options for hyperref/bookmark (HO)
 ifxetex.sty    2010/09/12 v0.6 Provides ifxetex conditional
 auxhook.sty    2011/03/04 v1.3 Hooks for auxiliary files (HO)
kvoptions.sty    2011/06/30 v3.11 Key value format for package options (HO)
  pd1enc.def    2012/11/06 v6.83m Hyperref: PDFDocEncoding definition (HO)
hyperref.cfg    2002/06/06 v1.2 hyperref configuration of TeXLive
 hpdftex.def    2012/11/06 v6.83m Hyperref driver for pdfTeX
rerunfilecheck.sty    2011/04/15 v1.7 Rerun checks for auxiliary files (HO)
  hypcap.sty    2011/02/16 v1.11 Adjusting the anchors of captions (HO)
  ts1cmr.fd    1999/05/25 v2.5h Standard LaTeX font definitions
   t1ptm.fd    2001/06/04 font definitions for T1/ptm.
supp-pdf.mkii
epstopdf-base.sty    2010/02/09 v2.5 Base part for package epstopdf
  grfext.sty    2010/08/19 v1.1 Manage graphics extensions (HO)
epstopdf-sys.cfg    2010/07/13 v1.3 Configuration of (r)epstopdf for TeX Live
 nameref.sty    2012/10/27 v2.43 Cross-referencing by name of section
gettitlestring.sty    2010/12/03 v1.4 Cleanup title references (HO)
  thesis.out
  thesis.out
ot1ztmcm.fd    2000/01/03 Fontinst v1.801 font definitions for OT1/ztmcm.
omlztmcm.fd    2000/01/03 Fontinst v1.801 font definitions for OML/ztmcm.
omsztmcm.fd    2000/01/03 Fontinst v1.801 font definitions for OMS/ztmcm.
omxztmcm.fd    2000/01/03 Fontinst v1.801 font definitions for OMX/ztmcm.
  ot1ptm.fd    2001/06/04 font definitions for OT1/ptm.
introduction/Introduction.tex
 ***********

Package atveryend Info: Executing hook `AtEndAfterFileList' on input line 218.
Package rerunfilecheck Info: File `thesis.out' has not changed.
(rerunfilecheck)             Checksum: 9ECFC9B74D9AC64F2FBAAC48A68AD79E;3194.
 ) 
Here is how much of TeX's memory you used:
 13827 strings out of 493315
 200755 string characters out of 6137904
 330920 words of memory out of 5000000
 16943 multiletter control sequences out of 15000+600000
 25917 words of font info for 55 fonts, out of 8000000 for 9000
 957 hyphenation exceptions out of 8191
 44i,5n,42p,911b,485s stack positions out of 5000i,500n,10000p,200000b,80000s
{/usr/local/texlive/2013/texmf-dist/fonts/enc/dvips/base/8r.enc}</usr/local/t
exlive/2013/texmf-dist/fonts/type1/public/amsfonts/cm/cmr10.pfb></usr/local/tex
live/2013/texmf-dist/fonts/type1/public/amsfonts/cm/cmsy10.pfb></usr/local/texl
ive/2013/texmf-dist/fonts/type1/urw/times/utmb8a.pfb></usr/local/texlive/2013/t
exmf-dist/fonts/type1/urw/times/utmr8a.pfb></usr/local/texlive/2013/texmf-dist/
fonts/type1/urw/times/utmri8a.pfb>
Output written on thesis.pdf (21 pages, 98883 bytes).
PDF statistics:
 307 PDF objects out of 1000 (max. 8388607)
 276 compressed objects within 3 object streams
 64 named destinations out of 1000 (max. 500000)
 249 words of extra memory for PDF output out of 10000 (max. 10000000)

